Using pre-set license
Built from '6000.1/staging' branch; Version is '6000.1.2f1 (8e2281df4c52) revision 9314945'; Using compiler version '194234433'; Build Type 'Release'
OS: 'Windows 10  (10.0.19045) 64bit Professional' Language: 'ru' Physical Memory: 16088 MB
BatchMode: 1, IsHumanControllingUs: 0, StartBugReporterOnCrash: 0, Is64bit: 1, IsPro: 1
Date: 2025-07-01T15:18:16Z

COMMAND LINE ARGUMENTS:
C:\Program Files\Unity\Hub\Editor\6000.1.2f1\Editor\Unity.exe
-adb2
-batchMode
-noUpm
-name
AssetImportWorker0
-projectPath
C:/Users/IceTea/Desktop/Tet/Tetris
-logFile
Logs/AssetImportWorker0.log
-srvPort
50079
-job-worker-count
5
-background-job-worker-count
8
-gc-helper-count
1
-name
AssetImport
Successfully changed project path to: C:/Users/IceTea/Desktop/Tet/Tetris
C:/Users/IceTea/Desktop/Tet/Tetris
[UnityMemory] Configuration Parameters - Can be set up in boot.config
    "memorysetup-allocator-temp-initial-block-size-main=262144"
    "memorysetup-allocator-temp-initial-block-size-worker=262144"
    "memorysetup-bucket-allocator-granularity=16"
    "memorysetup-bucket-allocator-bucket-count=8"
    "memorysetup-bucket-allocator-block-size=33554432"
    "memorysetup-bucket-allocator-block-count=8"
    "memorysetup-main-allocator-block-size=16777216"
    "memorysetup-thread-allocator-block-size=16777216"
    "memorysetup-gfx-main-allocator-block-size=16777216"
    "memorysetup-gfx-thread-allocator-block-size=16777216"
    "memorysetup-cache-allocator-block-size=4194304"
    "memorysetup-typetree-allocator-block-size=2097152"
    "memorysetup-profiler-bucket-allocator-granularity=16"
    "memorysetup-profiler-bucket-allocator-bucket-count=8"
    "memorysetup-profiler-bucket-allocator-block-size=33554432"
    "memorysetup-profiler-bucket-allocator-block-count=8"
    "memorysetup-profiler-allocator-block-size=16777216"
    "memorysetup-profiler-editor-allocator-block-size=1048576"
    "memorysetup-temp-allocator-size-main=16777216"
    "memorysetup-job-temp-allocator-block-size=2097152"
    "memorysetup-job-temp-allocator-block-size-background=1048576"
    "memorysetup-job-temp-allocator-reduction-small-platforms=262144"
    "memorysetup-temp-allocator-size-background-worker=32768"
    "memorysetup-temp-allocator-size-job-worker=262144"
    "memorysetup-temp-allocator-size-preload-manager=33554432"
    "memorysetup-temp-allocator-size-nav-mesh-worker=65536"
    "memorysetup-temp-allocator-size-audio-worker=65536"
    "memorysetup-temp-allocator-size-cloud-worker=32768"
    "memorysetup-temp-allocator-size-gi-baking-worker=262144"
    "memorysetup-temp-allocator-size-gi-baking-worker=262144"
    "memorysetup-temp-allocator-size-gi-baking-worker=262144"
    "memorysetup-temp-allocator-size-gi-baking-worker=262144"
    "memorysetup-temp-allocator-size-gi-baking-worker=262144"
    "memorysetup-temp-allocator-size-gfx=262144"
Player connection [11172]  Target information:

Player connection [11172]  * "[IP] 192.168.1.103 [Port] 0 [Flags] 2 [Guid] 4193130836 [EditorId] 4193130836 [Version] 1048832 [Id] WindowsEditor(7,DESKTOP-9UM52DJ) [Debug] 1 [PackageName] WindowsEditor [ProjectName] Editor" 

Player connection [11172] Host joined multi-casting on [225.0.0.222:54997]...
Player connection [11172] Host joined alternative multi-casting on [225.0.0.222:34997]...
JobSystem: Creating JobQueue using job-worker-count value 5
Input System module state changed to: Initialized.
[Physics::Module] Initialized fallback backend.
[Physics::Module] Id: 0xdecafbad
Library Redirect Path: Library/
[Physics::Module] Selected backend.
[Physics::Module] Name: PhysX
[Physics::Module] Id: 0xf2b8ea05
[Physics::Module] SDK Version: 4.1.2
[Physics::Module] Integration Version: 1.0.0
[Physics::Module] Threading Mode: Multi-Threaded
Refreshing native plugins compatible for Editor in 5.97 ms, found 4 plugins.
Preloading 0 native plugins for Editor in 0.00 ms.
Initialize engine version: 6000.1.2f1 (8e2281df4c52)
[Subsystems] Discovering subsystems at path C:/Program Files/Unity/Hub/Editor/6000.1.2f1/Editor/Data/Resources/UnitySubsystems
[Subsystems] Discovering subsystems at path C:/Users/IceTea/Desktop/Tet/Tetris/Assets
GfxDevice: creating device client; kGfxThreadingModeNonThreaded
Direct3D:
    Version:         Direct3D 12 [level 12.1]
    Renderer:        NVIDIA GeForce RTX 3050 Laptop GPU (ID=0x25a2)
    Vendor:          NVIDIA
    VRAM:            3964 MB
    App VRAM Budget: 3369 MB
    Driver:          32.0.15.7628
Initialize mono
Mono path[0] = 'C:/Program Files/Unity/Hub/Editor/6000.1.2f1/Editor/Data/Managed'
Mono path[1] = 'C:/Program Files/Unity/Hub/Editor/6000.1.2f1/Editor/Data/MonoBleedingEdge/lib/mono/unityjit-win32'
Mono config path = 'C:/Program Files/Unity/Hub/Editor/6000.1.2f1/Editor/Data/MonoBleedingEdge/etc'
Using monoOptions --debugger-agent=transport=dt_socket,embedding=1,server=y,suspend=n,address=127.0.0.1:56656
Begin MonoManager ReloadAssembly
Registering precompiled unity dll's ...
Register platform support module: C:/Program Files/Unity/Hub/Editor/6000.1.2f1/Editor/Data/PlaybackEngines/WindowsStandaloneSupport/UnityEditor.WindowsStandalone.Extensions.dll
Register platform support module: C:/Program Files/Unity/Hub/Editor/6000.1.2f1/Editor/Data/PlaybackEngines/AndroidPlayer/UnityEditor.Android.Extensions.dll
Registered in 0.003222 seconds.
- Loaded All Assemblies, in  0.622 seconds
Native extension for Android target not found
Android Extension - Scanning For ADB Devices 357 ms
Native extension for WindowsStandalone target not found
Mono: successfully reloaded assembly
- Finished resetting the current domain, in  1.061 seconds
Domain Reload Profiling: 1679ms
	BeginReloadAssembly (198ms)
		ExecutionOrderSort (0ms)
		DisableScriptedObjects (0ms)
		BackupInstance (0ms)
		ReleaseScriptingObjects (0ms)
		CreateAndSetChildDomain (1ms)
	RebuildCommonClasses (52ms)
	RebuildNativeTypeToScriptingClass (19ms)
	initialDomainReloadingComplete (71ms)
	LoadAllAssembliesAndSetupDomain (277ms)
		LoadAssemblies (195ms)
		RebuildTransferFunctionScriptingTraits (0ms)
		AnalyzeDomain (271ms)
			TypeCache.Refresh (269ms)
				TypeCache.ScanAssembly (249ms)
			BuildScriptInfoCaches (0ms)
			ResolveRequiredComponents (1ms)
	FinalizeReload (1061ms)
		ReleaseScriptCaches (0ms)
		RebuildScriptCaches (0ms)
		SetupLoadedEditorAssemblies (984ms)
			LogAssemblyErrors (0ms)
			InitializePlatformSupportModulesInManaged (600ms)
			SetLoadedEditorAssemblies (5ms)
			BeforeProcessingInitializeOnLoad (104ms)
			ProcessInitializeOnLoadAttributes (192ms)
			ProcessInitializeOnLoadMethodAttributes (84ms)
			AfterProcessingInitializeOnLoad (0ms)
			EditorAssembliesLoaded (0ms)
		ExecutionOrderSort2 (0ms)
		AwakeInstancesAfterBackupRestoration (0ms)
========================================================================
Worker process is ready to serve import requests
Import Worker Mode flag is 0x00
Begin MonoManager ReloadAssembly
- Loaded All Assemblies, in  1.352 seconds
Refreshing native plugins compatible for Editor in 1.93 ms, found 4 plugins.
Native extension for Android target not found
Native extension for WindowsStandalone target not found
Mono: successfully reloaded assembly
- Finished resetting the current domain, in  1.150 seconds
Domain Reload Profiling: 2495ms
	BeginReloadAssembly (241ms)
		ExecutionOrderSort (0ms)
		DisableScriptedObjects (8ms)
		BackupInstance (0ms)
		ReleaseScriptingObjects (0ms)
		CreateAndSetChildDomain (35ms)
	RebuildCommonClasses (51ms)
	RebuildNativeTypeToScriptingClass (18ms)
	initialDomainReloadingComplete (59ms)
	LoadAllAssembliesAndSetupDomain (976ms)
		LoadAssemblies (759ms)
		RebuildTransferFunctionScriptingTraits (0ms)
		AnalyzeDomain (359ms)
			TypeCache.Refresh (261ms)
				TypeCache.ScanAssembly (238ms)
			BuildScriptInfoCaches (80ms)
			ResolveRequiredComponents (15ms)
	FinalizeReload (1151ms)
		ReleaseScriptCaches (0ms)
		RebuildScriptCaches (0ms)
		SetupLoadedEditorAssemblies (961ms)
			LogAssemblyErrors (0ms)
			InitializePlatformSupportModulesInManaged (29ms)
			SetLoadedEditorAssemblies (4ms)
			BeforeProcessingInitializeOnLoad (236ms)
			ProcessInitializeOnLoadAttributes (523ms)
			ProcessInitializeOnLoadMethodAttributes (162ms)
			AfterProcessingInitializeOnLoad (6ms)
			EditorAssembliesLoaded (0ms)
		ExecutionOrderSort2 (0ms)
		AwakeInstancesAfterBackupRestoration (8ms)
Launched and connected shader compiler UnityShaderCompiler.exe after 0.01 seconds
Refreshing native plugins compatible for Editor in 1.93 ms, found 4 plugins.
Preloading 0 native plugins for Editor in 0.00 ms.
Unloading 218 Unused Serialized files (Serialized files now loaded: 0)
Unloading 6620 unused Assets / (7.1 MB). Loaded Objects now: 7309.
Memory consumption went from 174.9 MB to 167.8 MB.
Total: 11.970000 ms (FindLiveObjects: 0.996400 ms CreateObjectMapping: 0.918400 ms MarkObjects: 6.162900 ms  DeleteObjects: 3.890600 ms)

========================================================================
Received Import Request.
  Time since last request: 195.477033 seconds.
  path: Assets/block2.prefab
  artifactKey: Guid(7ee1633984722464b81962670fac45ad) Importer(815301076,1909f56bfc062723c751e8b465ee728b)
Start importing Assets/block2.prefab using Guid(7ee1633984722464b81962670fac45ad) Importer(815301076,1909f56bfc062723c751e8b465ee728b) (PreviewImporter) -> (artifact id: 'f5ec3a092ab4306ee6520a3d5510f99f') in 0.6570095 seconds
Number of updated asset objects reloaded before import = 0Number of asset objects unloaded after import = 11

========================================================================
Received Import Request.
  Time since last request: 3.131327 seconds.
  path: Assets/block2.prefab
  artifactKey: Guid(7ee1633984722464b81962670fac45ad) Importer(815301076,1909f56bfc062723c751e8b465ee728b)
Start importing Assets/block2.prefab using Guid(7ee1633984722464b81962670fac45ad) Importer(815301076,1909f56bfc062723c751e8b465ee728b) (PreviewImporter) -> (artifact id: '8427fca35c766cac45a9c79ca7e32a98') in 0.0122579 seconds
Number of updated asset objects reloaded before import = 0Number of asset objects unloaded after import = 10

========================================================================
Received Import Request.
  Time since last request: 1.959984 seconds.
  path: Assets/block2.prefab
  artifactKey: Guid(7ee1633984722464b81962670fac45ad) Importer(815301076,1909f56bfc062723c751e8b465ee728b)
Start importing Assets/block2.prefab using Guid(7ee1633984722464b81962670fac45ad) Importer(815301076,1909f56bfc062723c751e8b465ee728b) (PreviewImporter) -> (artifact id: 'c7ac4e1f836489d9595b9c080eb3f93e') in 0.0120338 seconds
Number of updated asset objects reloaded before import = 0Number of asset objects unloaded after import = 10

========================================================================
Received Import Request.
  Time since last request: 1.953175 seconds.
  path: Assets/block2.prefab
  artifactKey: Guid(7ee1633984722464b81962670fac45ad) Importer(815301076,1909f56bfc062723c751e8b465ee728b)
Start importing Assets/block2.prefab using Guid(7ee1633984722464b81962670fac45ad) Importer(815301076,1909f56bfc062723c751e8b465ee728b) (PreviewImporter) -> (artifact id: '5fd01ce81e9173ea21c52407da8711d3') in 0.0139354 seconds
Number of updated asset objects reloaded before import = 0Number of asset objects unloaded after import = 10

========================================================================
Received Import Request.
  Time since last request: 2.170656 seconds.
  path: Assets/block2.prefab
  artifactKey: Guid(7ee1633984722464b81962670fac45ad) Importer(815301076,1909f56bfc062723c751e8b465ee728b)
Start importing Assets/block2.prefab using Guid(7ee1633984722464b81962670fac45ad) Importer(815301076,1909f56bfc062723c751e8b465ee728b) (PreviewImporter) -> (artifact id: 'dae5075ecd29384ce16524b12e0e00ef') in 0.012947 seconds
Number of updated asset objects reloaded before import = 0Number of asset objects unloaded after import = 10

========================================================================
Received Import Request.
  Time since last request: 4.831702 seconds.
  path: Assets/block.prefab
  artifactKey: Guid(3533b59a1c0163e439ca14334821f853) Importer(815301076,1909f56bfc062723c751e8b465ee728b)
Start importing Assets/block.prefab using Guid(3533b59a1c0163e439ca14334821f853) Importer(815301076,1909f56bfc062723c751e8b465ee728b) (PreviewImporter) -> (artifact id: '9c1e15ef9148ba45272e1dc28c4d0ba5') in 0.020745 seconds
Number of updated asset objects reloaded before import = 0Number of asset objects unloaded after import = 10

========================================================================
Received Import Request.
  Time since last request: 1.126357 seconds.
  path: Assets/block.prefab
  artifactKey: Guid(3533b59a1c0163e439ca14334821f853) Importer(815301076,1909f56bfc062723c751e8b465ee728b)
Start importing Assets/block.prefab using Guid(3533b59a1c0163e439ca14334821f853) Importer(815301076,1909f56bfc062723c751e8b465ee728b) (PreviewImporter) -> (artifact id: 'ac8f9009b093ed4b4f2e336e46176bd5') in 0.0247132 seconds
Number of updated asset objects reloaded before import = 0Number of asset objects unloaded after import = 10

========================================================================
Received Import Request.
  Time since last request: 2.764093 seconds.
  path: Assets/block.prefab
  artifactKey: Guid(3533b59a1c0163e439ca14334821f853) Importer(815301076,1909f56bfc062723c751e8b465ee728b)
Start importing Assets/block.prefab using Guid(3533b59a1c0163e439ca14334821f853) Importer(815301076,1909f56bfc062723c751e8b465ee728b) (PreviewImporter) -> (artifact id: '2b259b4412824ef2de556809c20a15cb') in 0.0237713 seconds
Number of updated asset objects reloaded before import = 0Number of asset objects unloaded after import = 10

========================================================================
Received Import Request.
  Time since last request: 1.334566 seconds.
  path: Assets/block.prefab
  artifactKey: Guid(3533b59a1c0163e439ca14334821f853) Importer(815301076,1909f56bfc062723c751e8b465ee728b)
Start importing Assets/block.prefab using Guid(3533b59a1c0163e439ca14334821f853) Importer(815301076,1909f56bfc062723c751e8b465ee728b) (PreviewImporter) -> (artifact id: 'e09ee5fb852ebfd7cd2a4f0ab10973ef') in 0.0238258 seconds
Number of updated asset objects reloaded before import = 0Number of asset objects unloaded after import = 10

========================================================================
Received Import Request.
  Time since last request: 5.197571 seconds.
  path: Assets/block3.prefab
  artifactKey: Guid(244e76ec0c8667c4281baf292d95da4b) Importer(815301076,1909f56bfc062723c751e8b465ee728b)
Start importing Assets/block3.prefab using Guid(244e76ec0c8667c4281baf292d95da4b) Importer(815301076,1909f56bfc062723c751e8b465ee728b) (PreviewImporter) -> (artifact id: '22c25ec05de7ef31ccbbe33336b74dc3') in 0.0272907 seconds
Number of updated asset objects reloaded before import = 0Number of asset objects unloaded after import = 10

========================================================================
Received Import Request.
  Time since last request: 1.727296 seconds.
  path: Assets/block3.prefab
  artifactKey: Guid(244e76ec0c8667c4281baf292d95da4b) Importer(815301076,1909f56bfc062723c751e8b465ee728b)
Start importing Assets/block3.prefab using Guid(244e76ec0c8667c4281baf292d95da4b) Importer(815301076,1909f56bfc062723c751e8b465ee728b) (PreviewImporter) -> (artifact id: 'a05c2f2e707cbdad937a7bde5af48b43') in 0.0140292 seconds
Number of updated asset objects reloaded before import = 0Number of asset objects unloaded after import = 10

========================================================================
Received Import Request.
  Time since last request: 1.148861 seconds.
  path: Assets/block3.prefab
  artifactKey: Guid(244e76ec0c8667c4281baf292d95da4b) Importer(815301076,1909f56bfc062723c751e8b465ee728b)
Start importing Assets/block3.prefab using Guid(244e76ec0c8667c4281baf292d95da4b) Importer(815301076,1909f56bfc062723c751e8b465ee728b) (PreviewImporter) -> (artifact id: '490cf5bc7d509ae913127d4b8eb7efbd') in 0.0134725 seconds
Number of updated asset objects reloaded before import = 0Number of asset objects unloaded after import = 10

========================================================================
Received Import Request.
  Time since last request: 1.930101 seconds.
  path: Assets/block3.prefab
  artifactKey: Guid(244e76ec0c8667c4281baf292d95da4b) Importer(815301076,1909f56bfc062723c751e8b465ee728b)
Start importing Assets/block3.prefab using Guid(244e76ec0c8667c4281baf292d95da4b) Importer(815301076,1909f56bfc062723c751e8b465ee728b) (PreviewImporter) -> (artifact id: 'dfec9a97a7aa4a80f6680947faa10111') in 0.0240258 seconds
Number of updated asset objects reloaded before import = 0Number of asset objects unloaded after import = 10

========================================================================
Received Import Request.
  Time since last request: 15.451146 seconds.
  path: Assets/block3.prefab
  artifactKey: Guid(244e76ec0c8667c4281baf292d95da4b) Importer(815301076,1909f56bfc062723c751e8b465ee728b)
Start importing Assets/block3.prefab using Guid(244e76ec0c8667c4281baf292d95da4b) Importer(815301076,1909f56bfc062723c751e8b465ee728b) (PreviewImporter) -> (artifact id: '1da8b542bbbf84aa61ebc33c16680fce') in 0.0159115 seconds
Number of updated asset objects reloaded before import = 0Number of asset objects unloaded after import = 10

========================================================================
Received Import Request.
  Time since last request: 33.059549 seconds.
  path: Assets/block3.prefab
  artifactKey: Guid(244e76ec0c8667c4281baf292d95da4b) Importer(815301076,1909f56bfc062723c751e8b465ee728b)
Start importing Assets/block3.prefab using Guid(244e76ec0c8667c4281baf292d95da4b) Importer(815301076,1909f56bfc062723c751e8b465ee728b) (PreviewImporter) -> (artifact id: 'f3b715ab882ff6850add16d3fd0ed908') in 0.0202417 seconds
Number of updated asset objects reloaded before import = 0Number of asset objects unloaded after import = 10

========================================================================
Received Import Request.
  Time since last request: 1.939439 seconds.
  path: Assets/block3.prefab
  artifactKey: Guid(244e76ec0c8667c4281baf292d95da4b) Importer(815301076,1909f56bfc062723c751e8b465ee728b)
Start importing Assets/block3.prefab using Guid(244e76ec0c8667c4281baf292d95da4b) Importer(815301076,1909f56bfc062723c751e8b465ee728b) (PreviewImporter) -> (artifact id: '9d43b069790f55b50e443e65cd8ab75b') in 0.012549 seconds
Number of updated asset objects reloaded before import = 0Number of asset objects unloaded after import = 10

========================================================================
Received Import Request.
  Time since last request: 3.406311 seconds.
  path: Assets/block4.prefab
  artifactKey: Guid(ff0f6c19f8daad143bb676a07d0f0eef) Importer(815301076,1909f56bfc062723c751e8b465ee728b)
Start importing Assets/block4.prefab using Guid(ff0f6c19f8daad143bb676a07d0f0eef) Importer(815301076,1909f56bfc062723c751e8b465ee728b) (PreviewImporter) -> (artifact id: 'ea67a9e3180cabc3b9f6d09e3cb1fe36') in 0.0195391 seconds
Number of updated asset objects reloaded before import = 0Number of asset objects unloaded after import = 10

========================================================================
Received Import Request.
  Time since last request: 4.562328 seconds.
  path: Assets/block4.prefab
  artifactKey: Guid(ff0f6c19f8daad143bb676a07d0f0eef) Importer(815301076,1909f56bfc062723c751e8b465ee728b)
Start importing Assets/block4.prefab using Guid(ff0f6c19f8daad143bb676a07d0f0eef) Importer(815301076,1909f56bfc062723c751e8b465ee728b) (PreviewImporter) -> (artifact id: '0b22f466a1cbcab9fc78c98b924cca60') in 0.0319388 seconds
Number of updated asset objects reloaded before import = 0Number of asset objects unloaded after import = 10

========================================================================
Received Import Request.
  Time since last request: 6.422534 seconds.
  path: Assets/block5.prefab
  artifactKey: Guid(897ad7d3a171fe440b5b7b5f3a5ca808) Importer(815301076,1909f56bfc062723c751e8b465ee728b)
Start importing Assets/block5.prefab using Guid(897ad7d3a171fe440b5b7b5f3a5ca808) Importer(815301076,1909f56bfc062723c751e8b465ee728b) (PreviewImporter) -> (artifact id: '00ac463d8f40fb35cafae6668264d9e2') in 0.0189093 seconds
Number of updated asset objects reloaded before import = 0Number of asset objects unloaded after import = 10

========================================================================
Received Import Request.
  Time since last request: 1.732915 seconds.
  path: Assets/block5.prefab
  artifactKey: Guid(897ad7d3a171fe440b5b7b5f3a5ca808) Importer(815301076,1909f56bfc062723c751e8b465ee728b)
Start importing Assets/block5.prefab using Guid(897ad7d3a171fe440b5b7b5f3a5ca808) Importer(815301076,1909f56bfc062723c751e8b465ee728b) (PreviewImporter) -> (artifact id: '553b29f3f86953740fe300e30c28c83d') in 0.0197845 seconds
Number of updated asset objects reloaded before import = 0Number of asset objects unloaded after import = 10

========================================================================
Received Import Request.
  Time since last request: 1.548073 seconds.
  path: Assets/block5.prefab
  artifactKey: Guid(897ad7d3a171fe440b5b7b5f3a5ca808) Importer(815301076,1909f56bfc062723c751e8b465ee728b)
Start importing Assets/block5.prefab using Guid(897ad7d3a171fe440b5b7b5f3a5ca808) Importer(815301076,1909f56bfc062723c751e8b465ee728b) (PreviewImporter) -> (artifact id: 'bbcfbbdd9e4aa7a641dee5fced846cd2') in 0.0199241 seconds
Number of updated asset objects reloaded before import = 0Number of asset objects unloaded after import = 10

========================================================================
Received Import Request.
  Time since last request: 1.750924 seconds.
  path: Assets/block5.prefab
  artifactKey: Guid(897ad7d3a171fe440b5b7b5f3a5ca808) Importer(815301076,1909f56bfc062723c751e8b465ee728b)
Start importing Assets/block5.prefab using Guid(897ad7d3a171fe440b5b7b5f3a5ca808) Importer(815301076,1909f56bfc062723c751e8b465ee728b) (PreviewImporter) -> (artifact id: '14f02e44a3b4323677d13e59a47b72c3') in 0.0181641 seconds
Number of updated asset objects reloaded before import = 0Number of asset objects unloaded after import = 10

========================================================================
Received Import Request.
  Time since last request: 5.410051 seconds.
  path: Assets/block6.prefab
  artifactKey: Guid(a4011f0494efebe4cbc7b6c4234859d5) Importer(815301076,1909f56bfc062723c751e8b465ee728b)
Start importing Assets/block6.prefab using Guid(a4011f0494efebe4cbc7b6c4234859d5) Importer(815301076,1909f56bfc062723c751e8b465ee728b) (PreviewImporter) -> (artifact id: 'bda3ae082e216ac035c5b152257f06e8') in 0.0205131 seconds
Number of updated asset objects reloaded before import = 0Number of asset objects unloaded after import = 10

========================================================================
Received Import Request.
  Time since last request: 1.541801 seconds.
  path: Assets/block6.prefab
  artifactKey: Guid(a4011f0494efebe4cbc7b6c4234859d5) Importer(815301076,1909f56bfc062723c751e8b465ee728b)
Start importing Assets/block6.prefab using Guid(a4011f0494efebe4cbc7b6c4234859d5) Importer(815301076,1909f56bfc062723c751e8b465ee728b) (PreviewImporter) -> (artifact id: '835125f7ca440b60f2676e68f8caf599') in 0.0178278 seconds
Number of updated asset objects reloaded before import = 0Number of asset objects unloaded after import = 10

========================================================================
Received Import Request.
  Time since last request: 1.535011 seconds.
  path: Assets/block6.prefab
  artifactKey: Guid(a4011f0494efebe4cbc7b6c4234859d5) Importer(815301076,1909f56bfc062723c751e8b465ee728b)
Start importing Assets/block6.prefab using Guid(a4011f0494efebe4cbc7b6c4234859d5) Importer(815301076,1909f56bfc062723c751e8b465ee728b) (PreviewImporter) -> (artifact id: '7597b4e743233be171a7daf814f66f26') in 0.0207928 seconds
Number of updated asset objects reloaded before import = 0Number of asset objects unloaded after import = 10

========================================================================
Received Import Request.
  Time since last request: 2.162498 seconds.
  path: Assets/block6.prefab
  artifactKey: Guid(a4011f0494efebe4cbc7b6c4234859d5) Importer(815301076,1909f56bfc062723c751e8b465ee728b)
Start importing Assets/block6.prefab using Guid(a4011f0494efebe4cbc7b6c4234859d5) Importer(815301076,1909f56bfc062723c751e8b465ee728b) (PreviewImporter) -> (artifact id: 'b9eb0d7266f0d22c18fe73a45303ec1e') in 0.0188383 seconds
Number of updated asset objects reloaded before import = 0Number of asset objects unloaded after import = 10

========================================================================
Received Import Request.
  Time since last request: 5.044258 seconds.
  path: Assets/block7.prefab
  artifactKey: Guid(63ccbdcec925144429e1399c22a3d90b) Importer(815301076,1909f56bfc062723c751e8b465ee728b)
Start importing Assets/block7.prefab using Guid(63ccbdcec925144429e1399c22a3d90b) Importer(815301076,1909f56bfc062723c751e8b465ee728b) (PreviewImporter) -> (artifact id: 'facdb14b084aeb3916ff1a2bc4c66f47') in 0.0196359 seconds
Number of updated asset objects reloaded before import = 0Number of asset objects unloaded after import = 10

========================================================================
Received Import Request.
  Time since last request: 2.955817 seconds.
  path: Assets/block7.prefab
  artifactKey: Guid(63ccbdcec925144429e1399c22a3d90b) Importer(815301076,1909f56bfc062723c751e8b465ee728b)
Start importing Assets/block7.prefab using Guid(63ccbdcec925144429e1399c22a3d90b) Importer(815301076,1909f56bfc062723c751e8b465ee728b) (PreviewImporter) -> (artifact id: 'ca499d24f82f40a8711cf4b6ad3225c9') in 0.0092392 seconds
Number of updated asset objects reloaded before import = 0Number of asset objects unloaded after import = 10

========================================================================
Received Import Request.
  Time since last request: 1.959367 seconds.
  path: Assets/block7.prefab
  artifactKey: Guid(63ccbdcec925144429e1399c22a3d90b) Importer(815301076,1909f56bfc062723c751e8b465ee728b)
Start importing Assets/block7.prefab using Guid(63ccbdcec925144429e1399c22a3d90b) Importer(815301076,1909f56bfc062723c751e8b465ee728b) (PreviewImporter) -> (artifact id: '35d93a5c53813df7af7fbe3051a66acc') in 0.0097707 seconds
Number of updated asset objects reloaded before import = 0Number of asset objects unloaded after import = 10

========================================================================
Received Import Request.
  Time since last request: 4.592891 seconds.
  path: Assets/block7.prefab
  artifactKey: Guid(63ccbdcec925144429e1399c22a3d90b) Importer(815301076,1909f56bfc062723c751e8b465ee728b)
Start importing Assets/block7.prefab using Guid(63ccbdcec925144429e1399c22a3d90b) Importer(815301076,1909f56bfc062723c751e8b465ee728b) (PreviewImporter) -> (artifact id: '57af640f4d05e9f2a1d7465f1e45aeb3') in 0.0137448 seconds
Number of updated asset objects reloaded before import = 0Number of asset objects unloaded after import = 10

========================================================================
Received Import Request.
  Time since last request: 5.647902 seconds.
  path: Assets/block8.prefab
  artifactKey: Guid(948273f392501ec4f95a21f982f9f9b5) Importer(815301076,1909f56bfc062723c751e8b465ee728b)
Start importing Assets/block8.prefab using Guid(948273f392501ec4f95a21f982f9f9b5) Importer(815301076,1909f56bfc062723c751e8b465ee728b) (PreviewImporter) -> (artifact id: '5d052a81f90449d95a0b1f415e1d7ad3') in 0.0153689 seconds
Number of updated asset objects reloaded before import = 0Number of asset objects unloaded after import = 10

========================================================================
Received Import Request.
  Time since last request: 1.550062 seconds.
  path: Assets/block8.prefab
  artifactKey: Guid(948273f392501ec4f95a21f982f9f9b5) Importer(815301076,1909f56bfc062723c751e8b465ee728b)
Start importing Assets/block8.prefab using Guid(948273f392501ec4f95a21f982f9f9b5) Importer(815301076,1909f56bfc062723c751e8b465ee728b) (PreviewImporter) -> (artifact id: '54fa52354a3d7467789ef641aeeafeb0') in 0.0095596 seconds
Number of updated asset objects reloaded before import = 0Number of asset objects unloaded after import = 10

========================================================================
Received Import Request.
  Time since last request: 1.766958 seconds.
  path: Assets/block8.prefab
  artifactKey: Guid(948273f392501ec4f95a21f982f9f9b5) Importer(815301076,1909f56bfc062723c751e8b465ee728b)
Start importing Assets/block8.prefab using Guid(948273f392501ec4f95a21f982f9f9b5) Importer(815301076,1909f56bfc062723c751e8b465ee728b) (PreviewImporter) -> (artifact id: 'bdee0ba4869e6d8fa7b8128f5b238f58') in 0.0123552 seconds
Number of updated asset objects reloaded before import = 0Number of asset objects unloaded after import = 10

========================================================================
Received Import Request.
  Time since last request: 4.593055 seconds.
  path: Assets/block8.prefab
  artifactKey: Guid(948273f392501ec4f95a21f982f9f9b5) Importer(815301076,1909f56bfc062723c751e8b465ee728b)
Start importing Assets/block8.prefab using Guid(948273f392501ec4f95a21f982f9f9b5) Importer(815301076,1909f56bfc062723c751e8b465ee728b) (PreviewImporter) -> (artifact id: 'befac5cf9f2c086616ca2377df1d0b14') in 0.0130442 seconds
Number of updated asset objects reloaded before import = 0Number of asset objects unloaded after import = 10

========================================================================
Received Prepare
Begin MonoManager ReloadAssembly
- Loaded All Assemblies, in  0.978 seconds
Refreshing native plugins compatible for Editor in 1.86 ms, found 4 plugins.
Native extension for Android target not found
Native extension for WindowsStandalone target not found
Mono: successfully reloaded assembly
- Finished resetting the current domain, in  0.994 seconds
Domain Reload Profiling: 1969ms
	BeginReloadAssembly (285ms)
		ExecutionOrderSort (0ms)
		DisableScriptedObjects (34ms)
		BackupInstance (0ms)
		ReleaseScriptingObjects (0ms)
		CreateAndSetChildDomain (61ms)
	RebuildCommonClasses (41ms)
	RebuildNativeTypeToScriptingClass (17ms)
	initialDomainReloadingComplete (37ms)
	LoadAllAssembliesAndSetupDomain (595ms)
		LoadAssemblies (482ms)
		RebuildTransferFunctionScriptingTraits (0ms)
		AnalyzeDomain (236ms)
			TypeCache.Refresh (9ms)
				TypeCache.ScanAssembly (0ms)
			BuildScriptInfoCaches (209ms)
			ResolveRequiredComponents (14ms)
	FinalizeReload (994ms)
		ReleaseScriptCaches (0ms)
		RebuildScriptCaches (0ms)
		SetupLoadedEditorAssemblies (775ms)
			LogAssemblyErrors (0ms)
			InitializePlatformSupportModulesInManaged (25ms)
			SetLoadedEditorAssemblies (6ms)
			BeforeProcessingInitializeOnLoad (165ms)
			ProcessInitializeOnLoadAttributes (463ms)
			ProcessInitializeOnLoadMethodAttributes (107ms)
			AfterProcessingInitializeOnLoad (8ms)
			EditorAssembliesLoaded (0ms)
		ExecutionOrderSort2 (0ms)
		AwakeInstancesAfterBackupRestoration (23ms)
Refreshing native plugins compatible for Editor in 2.28 ms, found 4 plugins.
Preloading 0 native plugins for Editor in 0.00 ms.
Unloading 36 Unused Serialized files (Serialized files now loaded: 0)
Unloading 6618 unused Assets / (7.2 MB). Loaded Objects now: 7345.
Memory consumption went from 151.9 MB to 144.7 MB.
Total: 13.483900 ms (FindLiveObjects: 1.063300 ms CreateObjectMapping: 1.137400 ms MarkObjects: 6.451700 ms  DeleteObjects: 4.829600 ms)

Prepare: number of updated asset objects reloaded= 0
========================================================================
Received Import Request.
  Time since last request: 30.277515 seconds.
  path: Assets/block.prefab
  artifactKey: Guid(3533b59a1c0163e439ca14334821f853) Importer(815301076,1909f56bfc062723c751e8b465ee728b)
Start importing Assets/block.prefab using Guid(3533b59a1c0163e439ca14334821f853) Importer(815301076,1909f56bfc062723c751e8b465ee728b) (PreviewImporter) -> (artifact id: '8005cc41f670dd5d62efd39f22ee8b96') in 0.6151623 seconds
Number of updated asset objects reloaded before import = 0Number of asset objects unloaded after import = 11

========================================================================
Received Import Request.
  Time since last request: 0.000034 seconds.
  path: Assets/block5.prefab
  artifactKey: Guid(897ad7d3a171fe440b5b7b5f3a5ca808) Importer(815301076,1909f56bfc062723c751e8b465ee728b)
Start importing Assets/block5.prefab using Guid(897ad7d3a171fe440b5b7b5f3a5ca808) Importer(815301076,1909f56bfc062723c751e8b465ee728b) (PreviewImporter) -> (artifact id: 'b61b17d2f95a62fd89d5f5b6ce728341') in 0.0172881 seconds
Number of updated asset objects reloaded before import = 0Number of asset objects unloaded after import = 10

========================================================================
Received Import Request.
  Time since last request: 0.000044 seconds.
  path: Assets/block8.prefab
  artifactKey: Guid(948273f392501ec4f95a21f982f9f9b5) Importer(815301076,1909f56bfc062723c751e8b465ee728b)
Start importing Assets/block8.prefab using Guid(948273f392501ec4f95a21f982f9f9b5) Importer(815301076,1909f56bfc062723c751e8b465ee728b) (PreviewImporter) -> (artifact id: '18aefd7658b906090fc8fa7d3f832afa') in 0.0091614 seconds
Number of updated asset objects reloaded before import = 0Number of asset objects unloaded after import = 10

========================================================================
Received Import Request.
  Time since last request: 0.000030 seconds.
  path: Assets/block4.prefab
  artifactKey: Guid(ff0f6c19f8daad143bb676a07d0f0eef) Importer(815301076,1909f56bfc062723c751e8b465ee728b)
Start importing Assets/block4.prefab using Guid(ff0f6c19f8daad143bb676a07d0f0eef) Importer(815301076,1909f56bfc062723c751e8b465ee728b) (PreviewImporter) -> (artifact id: 'f3ca7efabc63e70ae738458d90c7dcdd') in 0.0107983 seconds
Number of updated asset objects reloaded before import = 0Number of asset objects unloaded after import = 10

========================================================================
Received Prepare
Begin MonoManager ReloadAssembly
- Loaded All Assemblies, in  1.027 seconds
Refreshing native plugins compatible for Editor in 2.24 ms, found 4 plugins.
Native extension for Android target not found
Native extension for WindowsStandalone target not found
Mono: successfully reloaded assembly
- Finished resetting the current domain, in  1.130 seconds
Domain Reload Profiling: 2154ms
	BeginReloadAssembly (316ms)
		ExecutionOrderSort (0ms)
		DisableScriptedObjects (39ms)
		BackupInstance (0ms)
		ReleaseScriptingObjects (0ms)
		CreateAndSetChildDomain (66ms)
	RebuildCommonClasses (44ms)
	RebuildNativeTypeToScriptingClass (22ms)
	initialDomainReloadingComplete (42ms)
	LoadAllAssembliesAndSetupDomain (600ms)
		LoadAssemblies (488ms)
		RebuildTransferFunctionScriptingTraits (0ms)
		AnalyzeDomain (254ms)
			TypeCache.Refresh (9ms)
				TypeCache.ScanAssembly (0ms)
			BuildScriptInfoCaches (226ms)
			ResolveRequiredComponents (15ms)
	FinalizeReload (1130ms)
		ReleaseScriptCaches (0ms)
		RebuildScriptCaches (0ms)
		SetupLoadedEditorAssemblies (902ms)
			LogAssemblyErrors (0ms)
			InitializePlatformSupportModulesInManaged (29ms)
			SetLoadedEditorAssemblies (5ms)
			BeforeProcessingInitializeOnLoad (190ms)
			ProcessInitializeOnLoadAttributes (536ms)
			ProcessInitializeOnLoadMethodAttributes (133ms)
			AfterProcessingInitializeOnLoad (8ms)
			EditorAssembliesLoaded (0ms)
		ExecutionOrderSort2 (0ms)
		AwakeInstancesAfterBackupRestoration (22ms)
Refreshing native plugins compatible for Editor in 2.59 ms, found 4 plugins.
Preloading 0 native plugins for Editor in 0.00 ms.
Unloading 36 Unused Serialized files (Serialized files now loaded: 0)
Unloading 6618 unused Assets / (3.6 MB). Loaded Objects now: 7369.
Memory consumption went from 153.6 MB to 150.1 MB.
Total: 12.888100 ms (FindLiveObjects: 1.096000 ms CreateObjectMapping: 1.097600 ms MarkObjects: 6.849300 ms  DeleteObjects: 3.842600 ms)

Prepare: number of updated asset objects reloaded= 0
========================================================================
Received Import Request.
  Time since last request: 37.818017 seconds.
  path: Assets/block2.prefab
  artifactKey: Guid(7ee1633984722464b81962670fac45ad) Importer(815301076,1909f56bfc062723c751e8b465ee728b)
Start importing Assets/block2.prefab using Guid(7ee1633984722464b81962670fac45ad) Importer(815301076,1909f56bfc062723c751e8b465ee728b) (PreviewImporter) -> (artifact id: '84323f399e1923bda2ef062fe5c75948') in 0.6045335 seconds
Number of updated asset objects reloaded before import = 0Number of asset objects unloaded after import = 11

========================================================================
Received Import Request.
  Time since last request: 0.000030 seconds.
  path: Assets/block6.prefab
  artifactKey: Guid(a4011f0494efebe4cbc7b6c4234859d5) Importer(815301076,1909f56bfc062723c751e8b465ee728b)
Start importing Assets/block6.prefab using Guid(a4011f0494efebe4cbc7b6c4234859d5) Importer(815301076,1909f56bfc062723c751e8b465ee728b) (PreviewImporter) -> (artifact id: 'eb479dfd1375c4e81c1af19275cfb449') in 0.0172502 seconds
Number of updated asset objects reloaded before import = 0Number of asset objects unloaded after import = 10

========================================================================
Received Import Request.
  Time since last request: 0.000041 seconds.
  path: Assets/block4.prefab
  artifactKey: Guid(ff0f6c19f8daad143bb676a07d0f0eef) Importer(815301076,1909f56bfc062723c751e8b465ee728b)
Start importing Assets/block4.prefab using Guid(ff0f6c19f8daad143bb676a07d0f0eef) Importer(815301076,1909f56bfc062723c751e8b465ee728b) (PreviewImporter) -> (artifact id: 'c60eb2d62c2196549287a903e8888690') in 0.0104985 seconds
Number of updated asset objects reloaded before import = 0Number of asset objects unloaded after import = 10

========================================================================
Received Prepare
Begin MonoManager ReloadAssembly
- Loaded All Assemblies, in  0.977 seconds
Refreshing native plugins compatible for Editor in 1.96 ms, found 4 plugins.
Native extension for Android target not found
Native extension for WindowsStandalone target not found
Mono: successfully reloaded assembly
- Finished resetting the current domain, in  1.055 seconds
Domain Reload Profiling: 2030ms
	BeginReloadAssembly (293ms)
		ExecutionOrderSort (0ms)
		DisableScriptedObjects (37ms)
		BackupInstance (0ms)
		ReleaseScriptingObjects (0ms)
		CreateAndSetChildDomain (63ms)
	RebuildCommonClasses (44ms)
	RebuildNativeTypeToScriptingClass (17ms)
	initialDomainReloadingComplete (37ms)
	LoadAllAssembliesAndSetupDomain (583ms)
		LoadAssemblies (464ms)
		RebuildTransferFunctionScriptingTraits (0ms)
		AnalyzeDomain (244ms)
			TypeCache.Refresh (9ms)
				TypeCache.ScanAssembly (0ms)
			BuildScriptInfoCaches (216ms)
			ResolveRequiredComponents (15ms)
	FinalizeReload (1056ms)
		ReleaseScriptCaches (0ms)
		RebuildScriptCaches (0ms)
		SetupLoadedEditorAssemblies (837ms)
			LogAssemblyErrors (0ms)
			InitializePlatformSupportModulesInManaged (30ms)
			SetLoadedEditorAssemblies (7ms)
			BeforeProcessingInitializeOnLoad (198ms)
			ProcessInitializeOnLoadAttributes (489ms)
			ProcessInitializeOnLoadMethodAttributes (105ms)
			AfterProcessingInitializeOnLoad (7ms)
			EditorAssembliesLoaded (0ms)
		ExecutionOrderSort2 (0ms)
		AwakeInstancesAfterBackupRestoration (22ms)
Refreshing native plugins compatible for Editor in 2.22 ms, found 4 plugins.
Preloading 0 native plugins for Editor in 0.00 ms.
Unloading 36 Unused Serialized files (Serialized files now loaded: 0)
Unloading 6618 unused Assets / (6.2 MB). Loaded Objects now: 7393.
Memory consumption went from 155.3 MB to 149.0 MB.
Total: 13.398300 ms (FindLiveObjects: 1.056700 ms CreateObjectMapping: 0.968200 ms MarkObjects: 6.599900 ms  DeleteObjects: 4.771700 ms)

Prepare: number of updated asset objects reloaded= 0
========================================================================
Received Import Request.
  Time since last request: 108.968609 seconds.
  path: Assets/block3.prefab
  artifactKey: Guid(244e76ec0c8667c4281baf292d95da4b) Importer(815301076,1909f56bfc062723c751e8b465ee728b)
Start importing Assets/block3.prefab using Guid(244e76ec0c8667c4281baf292d95da4b) Importer(815301076,1909f56bfc062723c751e8b465ee728b) (PreviewImporter) -> (artifact id: 'cc095b19fbe34a57e049d4abfb6415fb') in 0.6132168 seconds
Number of updated asset objects reloaded before import = 0Number of asset objects unloaded after import = 10

========================================================================
Received Import Request.
  Time since last request: 1.914355 seconds.
  path: Assets/block3.prefab
  artifactKey: Guid(244e76ec0c8667c4281baf292d95da4b) Importer(815301076,1909f56bfc062723c751e8b465ee728b)
Start importing Assets/block3.prefab using Guid(244e76ec0c8667c4281baf292d95da4b) Importer(815301076,1909f56bfc062723c751e8b465ee728b) (PreviewImporter) -> (artifact id: '520697bb984c8a73494e0488b00bef3e') in 0.0111316 seconds
Number of updated asset objects reloaded before import = 0Number of asset objects unloaded after import = 10

========================================================================
Received Import Request.
  Time since last request: 0.000030 seconds.
  path: Assets/block6.prefab
  artifactKey: Guid(a4011f0494efebe4cbc7b6c4234859d5) Importer(815301076,1909f56bfc062723c751e8b465ee728b)
Start importing Assets/block6.prefab using Guid(a4011f0494efebe4cbc7b6c4234859d5) Importer(815301076,1909f56bfc062723c751e8b465ee728b) (PreviewImporter) -> (artifact id: 'f3caaf8579185e687d1983a6bf2fa0a8') in 0.01607 seconds
Number of updated asset objects reloaded before import = 0Number of asset objects unloaded after import = 10

========================================================================
Received Import Request.
  Time since last request: 0.000038 seconds.
  path: Assets/block8.prefab
  artifactKey: Guid(948273f392501ec4f95a21f982f9f9b5) Importer(815301076,1909f56bfc062723c751e8b465ee728b)
Start importing Assets/block8.prefab using Guid(948273f392501ec4f95a21f982f9f9b5) Importer(815301076,1909f56bfc062723c751e8b465ee728b) (PreviewImporter) -> (artifact id: '9a4d95df0752442ece63d82b1669da79') in 0.009237 seconds
Number of updated asset objects reloaded before import = 0Number of asset objects unloaded after import = 10

========================================================================
Received Prepare
Begin MonoManager ReloadAssembly
- Loaded All Assemblies, in  0.937 seconds
Refreshing native plugins compatible for Editor in 2.29 ms, found 4 plugins.
Native extension for Android target not found
Native extension for WindowsStandalone target not found
Mono: successfully reloaded assembly
- Finished resetting the current domain, in  0.959 seconds
Domain Reload Profiling: 1895ms
	BeginReloadAssembly (279ms)
		ExecutionOrderSort (0ms)
		DisableScriptedObjects (37ms)
		BackupInstance (0ms)
		ReleaseScriptingObjects (0ms)
		CreateAndSetChildDomain (60ms)
	RebuildCommonClasses (41ms)
	RebuildNativeTypeToScriptingClass (17ms)
	initialDomainReloadingComplete (34ms)
	LoadAllAssembliesAndSetupDomain (564ms)
		LoadAssemblies (443ms)
		RebuildTransferFunctionScriptingTraits (0ms)
		AnalyzeDomain (237ms)
			TypeCache.Refresh (9ms)
				TypeCache.ScanAssembly (0ms)
			BuildScriptInfoCaches (210ms)
			ResolveRequiredComponents (14ms)
	FinalizeReload (960ms)
		ReleaseScriptCaches (0ms)
		RebuildScriptCaches (0ms)
		SetupLoadedEditorAssemblies (749ms)
			LogAssemblyErrors (0ms)
			InitializePlatformSupportModulesInManaged (27ms)
			SetLoadedEditorAssemblies (5ms)
			BeforeProcessingInitializeOnLoad (168ms)
			ProcessInitializeOnLoadAttributes (451ms)
			ProcessInitializeOnLoadMethodAttributes (92ms)
			AfterProcessingInitializeOnLoad (6ms)
			EditorAssembliesLoaded (0ms)
		ExecutionOrderSort2 (0ms)
		AwakeInstancesAfterBackupRestoration (20ms)
Refreshing native plugins compatible for Editor in 2.19 ms, found 4 plugins.
Preloading 0 native plugins for Editor in 0.00 ms.
Unloading 36 Unused Serialized files (Serialized files now loaded: 0)
Unloading 6618 unused Assets / (7.2 MB). Loaded Objects now: 7417.
Memory consumption went from 156.9 MB to 149.6 MB.
Total: 12.735500 ms (FindLiveObjects: 0.968100 ms CreateObjectMapping: 1.015000 ms MarkObjects: 6.086000 ms  DeleteObjects: 4.664800 ms)

Prepare: number of updated asset objects reloaded= 0
========================================================================
Received Prepare
Begin MonoManager ReloadAssembly
- Loaded All Assemblies, in  2.769 seconds
Refreshing native plugins compatible for Editor in 2.49 ms, found 4 plugins.
Native extension for Android target not found
Native extension for WindowsStandalone target not found
Mono: successfully reloaded assembly
- Finished resetting the current domain, in  0.972 seconds
Domain Reload Profiling: 3738ms
	BeginReloadAssembly (449ms)
		ExecutionOrderSort (0ms)
		DisableScriptedObjects (18ms)
		BackupInstance (0ms)
		ReleaseScriptingObjects (0ms)
		CreateAndSetChildDomain (51ms)
	RebuildCommonClasses (116ms)
	RebuildNativeTypeToScriptingClass (17ms)
	initialDomainReloadingComplete (36ms)
	LoadAllAssembliesAndSetupDomain (2148ms)
		LoadAssemblies (2196ms)
		RebuildTransferFunctionScriptingTraits (0ms)
		AnalyzeDomain (264ms)
			TypeCache.Refresh (9ms)
				TypeCache.ScanAssembly (0ms)
			BuildScriptInfoCaches (234ms)
			ResolveRequiredComponents (15ms)
	FinalizeReload (972ms)
		ReleaseScriptCaches (0ms)
		RebuildScriptCaches (0ms)
		SetupLoadedEditorAssemblies (754ms)
			LogAssemblyErrors (0ms)
			InitializePlatformSupportModulesInManaged (29ms)
			SetLoadedEditorAssemblies (5ms)
			BeforeProcessingInitializeOnLoad (168ms)
			ProcessInitializeOnLoadAttributes (452ms)
			ProcessInitializeOnLoadMethodAttributes (93ms)
			AfterProcessingInitializeOnLoad (6ms)
			EditorAssembliesLoaded (0ms)
		ExecutionOrderSort2 (0ms)
		AwakeInstancesAfterBackupRestoration (20ms)
Refreshing native plugins compatible for Editor in 2.08 ms, found 4 plugins.
Preloading 0 native plugins for Editor in 0.00 ms.
Unloading 36 Unused Serialized files (Serialized files now loaded: 0)
Unloading 6618 unused Assets / (7.1 MB). Loaded Objects now: 7419.
Memory consumption went from 158.1 MB to 151.0 MB.
Total: 12.702300 ms (FindLiveObjects: 1.001300 ms CreateObjectMapping: 1.030600 ms MarkObjects: 6.119000 ms  DeleteObjects: 4.549200 ms)

Prepare: number of updated asset objects reloaded= 0
